C:\Users\serna\Documents\BrowserBattle\ClientApp\dist\out-tsc\e2e\src\app.po.js
C:\Users\serna\Documents\BrowserBattle\ClientApp\dist\out-tsc\e2e\src\app.po.js.map
C:\Users\serna\Documents\BrowserBattle\ClientApp\dist\out-tsc\e2e\src\app.e2e-spec.js
C:\Users\serna\Documents\BrowserBattle\ClientApp\dist\out-tsc\e2e\src\app.e2e-spec.js.map
C:\Users\serna\Documents\BrowserBattle\ClientApp\dist\out-tsc\src\app\app.component.js
C:\Users\serna\Documents\BrowserBattle\ClientApp\dist\out-tsc\src\app\app.component.js.map
C:\Users\serna\Documents\BrowserBattle\ClientApp\dist\out-tsc\src\app\dashboard\dashboard.component.js
C:\Users\serna\Documents\BrowserBattle\ClientApp\dist\out-tsc\src\app\dashboard\dashboard.component.js.map
C:\Users\serna\Documents\BrowserBattle\ClientApp\dist\out-tsc\src\app\app-routing.module.js
C:\Users\serna\Documents\BrowserBattle\ClientApp\dist\out-tsc\src\app\app-routing.module.js.map
C:\Users\serna\Documents\BrowserBattle\ClientApp\dist\out-tsc\src\app\warrior.js
C:\Users\serna\Documents\BrowserBattle\ClientApp\dist\out-tsc\src\app\warrior.js.map
C:\Users\serna\Documents\BrowserBattle\ClientApp\dist\out-tsc\src\app\warrior.service.js
C:\Users\serna\Documents\BrowserBattle\ClientApp\dist\out-tsc\src\app\warrior.service.js.map
C:\Users\serna\Documents\BrowserBattle\ClientApp\dist\out-tsc\src\app\warriors\warriors.component.js
C:\Users\serna\Documents\BrowserBattle\ClientApp\dist\out-tsc\src\app\warriors\warriors.component.js.map
C:\Users\serna\Documents\BrowserBattle\ClientApp\dist\out-tsc\src\app\battle\battle.component.js
C:\Users\serna\Documents\BrowserBattle\ClientApp\dist\out-tsc\src\app\battle\battle.component.js.map
C:\Users\serna\Documents\BrowserBattle\ClientApp\dist\out-tsc\src\app\app.module.js
C:\Users\serna\Documents\BrowserBattle\ClientApp\dist\out-tsc\src\app\app.module.js.map
C:\Users\serna\Documents\BrowserBattle\ClientApp\dist\out-tsc\src\environments\environment.js
C:\Users\serna\Documents\BrowserBattle\ClientApp\dist\out-tsc\src\environments\environment.js.map
C:\Users\serna\Documents\BrowserBattle\ClientApp\dist\out-tsc\src\main.js
C:\Users\serna\Documents\BrowserBattle\ClientApp\dist\out-tsc\src\main.js.map
C:\Users\serna\Documents\BrowserBattle\ClientApp\dist\out-tsc\src\polyfills.js
C:\Users\serna\Documents\BrowserBattle\ClientApp\dist\out-tsc\src\polyfills.js.map
C:\Users\serna\Documents\BrowserBattle\ClientApp\dist\out-tsc\src\test.js
C:\Users\serna\Documents\BrowserBattle\ClientApp\dist\out-tsc\src\test.js.map
C:\Users\serna\Documents\BrowserBattle\ClientApp\dist\out-tsc\src\app\app.component.spec.js
C:\Users\serna\Documents\BrowserBattle\ClientApp\dist\out-tsc\src\app\app.component.spec.js.map
C:\Users\serna\Documents\BrowserBattle\ClientApp\dist\out-tsc\src\app\battle.service.js
C:\Users\serna\Documents\BrowserBattle\ClientApp\dist\out-tsc\src\app\battle.service.js.map
C:\Users\serna\Documents\BrowserBattle\ClientApp\dist\out-tsc\src\app\battle.service.spec.js
C:\Users\serna\Documents\BrowserBattle\ClientApp\dist\out-tsc\src\app\battle.service.spec.js.map
C:\Users\serna\Documents\BrowserBattle\ClientApp\dist\out-tsc\src\app\warrior.service.spec.js
C:\Users\serna\Documents\BrowserBattle\ClientApp\dist\out-tsc\src\app\warrior.service.spec.js.map
C:\Users\serna\Documents\BrowserBattle\ClientApp\dist\out-tsc\src\app\warrior.spec.js
C:\Users\serna\Documents\BrowserBattle\ClientApp\dist\out-tsc\src\app\warrior.spec.js.map
C:\Users\serna\Documents\BrowserBattle\ClientApp\dist\out-tsc\src\app\battle\battle.component.spec.js
C:\Users\serna\Documents\BrowserBattle\ClientApp\dist\out-tsc\src\app\battle\battle.component.spec.js.map
C:\Users\serna\Documents\BrowserBattle\ClientApp\dist\out-tsc\src\app\dashboard\dashboard.component.spec.js
C:\Users\serna\Documents\BrowserBattle\ClientApp\dist\out-tsc\src\app\dashboard\dashboard.component.spec.js.map
C:\Users\serna\Documents\BrowserBattle\ClientApp\dist\out-tsc\src\app\warriors\warriors.component.spec.js
C:\Users\serna\Documents\BrowserBattle\ClientApp\dist\out-tsc\src\app\warriors\warriors.component.spec.js.map
C:\Users\serna\Documents\BrowserBattle\ClientApp\dist\out-tsc\src\environments\environment.prod.js
C:\Users\serna\Documents\BrowserBattle\ClientApp\dist\out-tsc\src\environments\environment.prod.js.map
